<?xml version="1.0" encoding="UTF-8"?>
<!-- Generated by org.testng.reporters.JUnitXMLReporter -->
<testsuite ignored="0" hostname="DESKTOP-TDHOLHJ" failures="0" tests="4" name="AccountPage Test" time="55.578" errors="0" timestamp="2023-12-08T10:36:58 IST">
  <testcase classname="tests.AccountPageTest" name="testLoginWithValidCredentials" time="0.406"/>
  <testcase classname="tests.AccountPageTest" name="testClickProfileImage" time="2.298"/>
  <testcase classname="tests.AccountPageTest" name="testAccountPageUI" time="20.791"/>
  <testcase classname="tests.AccountPageTest" name="testLogoutFunctionality" time="0.146"/>
</testsuite> <!-- AccountPage Test -->
