<?xml version="1.0" encoding="UTF-8"?>
<!-- Generated by org.testng.reporters.JUnitXMLReporter -->
<testsuite ignored="0" hostname="DESKTOP-TDHOLHJ" failures="0" tests="3" name="HeaderSection Test" time="44.514" errors="0" timestamp="2023-12-08T10:33:55 IST">
  <testcase classname="tests.HeaderSectionPageTest" name="testLoginWithValidCredentials" time="0.667"/>
  <testcase classname="tests.HeaderSectionPageTest" name="testHeaderSectionUI" time="20.139"/>
  <testcase classname="tests.HeaderSectionPageTest" name="testHeaderSectionFunctionalities" time="0.001"/>
</testsuite> <!-- HeaderSection Test -->
