<?xml version="1.0" encoding="UTF-8"?>
<!-- Generated by org.testng.reporters.JUnitXMLReporter -->
<testsuite ignored="0" hostname="DESKTOP-TDHOLHJ" failures="0" tests="3" name="HeaderSection Test" time="32.391" errors="0" timestamp="2024-03-20T11:10:41 IST">
  <testcase classname="tests.HeaderPageTest" name="checkTheLogoElement" time="1.962"/>
  <testcase classname="tests.HeaderPageTest" name="checkTheNavBars" time="2.669"/>
  <testcase classname="tests.HeaderPageTest" name="checkTheNavigationFunctionalities" time="1.633"/>
</testsuite> <!-- HeaderSection Test -->
