<?xml version="1.0" encoding="UTF-8"?>
<!-- Generated by org.testng.reporters.JUnitXMLReporter -->
<testsuite ignored="0" hostname="DESKTOP-TDHOLHJ" failures="0" tests="4" name="HomePage Test" time="33.002" errors="0" timestamp="2024-03-20T11:10:08 IST">
  <testcase classname="tests.HomePageTest" name="checkTheHeadingTexts" time="3.047"/>
  <testcase classname="tests.HomePageTest" name="checkPlayBtn" time="1.601"/>
  <testcase classname="tests.HomePageTest" name="checkMovieDisplaySections" time="1.617"/>
  <testcase classname="tests.HomePageTest" name="checkContact" time="1.384"/>
</testsuite> <!-- HomePage Test -->
