<?xml version="1.0" encoding="UTF-8"?>
<!-- Generated by org.testng.reporters.JUnitXMLReporter -->
<testsuite ignored="0" hostname="DESKTOP-TDHOLHJ" failures="0" tests="10" name="LoginPage Test" time="67.821" errors="0" timestamp="2024-03-20T11:09:35 IST">
  <testcase classname="tests.LoginPageTest" name="checkTheLogo" time="0.018"/>
  <testcase classname="tests.LoginPageTest" name="checkTheHeadingText" time="0.031"/>
  <testcase classname="tests.LoginPageTest" name="checkTheLabelElementTexts" time="0.031"/>
  <testcase classname="tests.LoginPageTest" name="checkLoginButton" time="0.078"/>
  <testcase classname="tests.LoginPageTest" name="testLoginWithEmptyInputs" time="0.765"/>
  <testcase classname="tests.LoginPageTest" name="testLoginWithEmptyUserName" time="0.791"/>
  <testcase classname="tests.LoginPageTest" name="testLoginWithEmptyPassword" time="0.774"/>
  <testcase classname="tests.LoginPageTest" name="testLoginWithInvalidPassword" time="0.803"/>
  <testcase classname="tests.LoginPageTest" name="testLoginWithInvalidUsername" time="0.824"/>
  <testcase classname="tests.LoginPageTest" name="testLoginWithValidCredentials" time="1.239"/>
</testsuite> <!-- LoginPage Test -->
