<?xml version="1.0" encoding="UTF-8"?>
<!-- Generated by org.testng.reporters.JUnitXMLReporter -->
<testsuite ignored="0" hostname="DESKTOP-TDHOLHJ" failures="0" tests="3" name="MovieDetailsPage Test" time="32.879" errors="0" timestamp="2023-12-08T10:36:03 IST">
  <testcase classname="tests.MovieDetailsPageTest" name="testLoginWithValidCredentials" time="8.824"/>
  <testcase classname="tests.MovieDetailsPageTest" name="testMovieDetailsInHomePage" time="2.78"/>
  <testcase classname="tests.MovieDetailsPageTest" name="testMovieDetailsInPopularPage" time="4.126"/>
</testsuite> <!-- MovieDetailsPage Test -->
