<?xml version="1.0" encoding="UTF-8"?>
<!-- Generated by org.testng.reporters.JUnitXMLReporter -->
<testsuite ignored="0" hostname="DESKTOP-TDHOLHJ" failures="0" tests="2" name="MovieDetailsPage Test" time="17.637" errors="0" timestamp="2024-03-20T11:11:47 IST">
  <testcase classname="tests.MovieDetailsPageTest" name="checkHomePageFuctionalities" time="2.489"/>
  <testcase classname="tests.MovieDetailsPageTest" name="checkPopularPageFuctionalities" time="2.779"/>
</testsuite> <!-- MovieDetailsPage Test -->
