<?xml version="1.0" encoding="UTF-8"?>
<!-- Generated by org.testng.reporters.JUnitXMLReporter -->
<testsuite ignored="0" hostname="DESKTOP-TDHOLHJ" failures="0" tests="3" name="PopularPage Test" time="46.236" errors="0" timestamp="2023-12-08T10:34:42 IST">
  <testcase classname="tests.PopularPageTest" name="testLoginWithValidCredentials" time="0.44"/>
  <testcase classname="tests.PopularPageTest" name="testPopularPageUI" time="10.351"/>
  <testcase classname="tests.PopularPageTest" name="testMoviesAreDisplayed" time="0.002"/>
</testsuite> <!-- PopularPage Test -->
