<?xml version="1.0" encoding="UTF-8"?>
<!-- Generated by org.testng.reporters.JUnitXMLReporter -->
<testsuite ignored="0" hostname="DESKTOP-TDHOLHJ" failures="0" tests="24" name="MoviesAppTestSuites" time="276.263" errors="0" timestamp="2024-03-23T13:41:02 IST">
  <testcase classname="LoginPageTest" name="checkTheLogo" time="0.02"/>
  <testcase classname="HeaderPageTest" name="checkTheLogoElement" time="8.42"/>
  <testcase classname="HomePageTest" name="checkTheHeadingTexts" time="7.822"/>
  <testcase classname="AccountPageTest" name="checkAccountPage" time="19.151"/>
  <testcase classname="PopularPageTest" name="checkPopularPageSection" time="8.971"/>
  <testcase classname="SearchPageTest" name="SearchAvatarMovie" time="12.728"/>
  <testcase classname="MovieDetailsPageTest" name="checkHomePageFuctionalities" time="13.756"/>
  <testcase classname="LoginPageTest" name="checkTheHeadingText" time="0.042"/>
  <testcase classname="HomePageTest" name="checkPlayBtn" time="16.129"/>
  <testcase classname="HeaderPageTest" name="checkTheNavBars" time="8.737"/>
  <testcase classname="MovieDetailsPageTest" name="checkPopularPageFuctionalities" time="14.17"/>
  <testcase classname="SearchPageTest" name="SerachSquidGameMovie" time="14.768"/>
  <testcase classname="PopularPageTest" name="checkMovieRedirection" time="11.939"/>
  <testcase classname="LoginPageTest" name="checkTheLabelElementTexts" time="0.061"/>
  <testcase classname="HomePageTest" name="checkMovieDisplaySections" time="7.343"/>
  <testcase classname="HeaderPageTest" name="checkTheNavigationFunctionalities" time="5.055"/>
  <testcase classname="LoginPageTest" name="checkLoginButton" time="0.059"/>
  <testcase classname="HomePageTest" name="checkContact" time="9.775"/>
  <testcase classname="LoginPageTest" name="testLoginWithEmptyInputs" time="3.498"/>
  <testcase classname="LoginPageTest" name="testLoginWithEmptyUserName" time="1.308"/>
  <testcase classname="LoginPageTest" name="testLoginWithEmptyPassword" time="3.39"/>
  <testcase classname="LoginPageTest" name="testLoginWithInvalidPassword" time="0.8"/>
  <testcase classname="LoginPageTest" name="testLoginWithInvalidUsername" time="2.924"/>
  <testcase classname="LoginPageTest" name="testLoginWithValidCredentials" time="3.87"/>
</testsuite> <!-- MoviesAppTestSuites -->
