<?xml version="1.0" encoding="UTF-8"?>
<testng-results ignored="0" total="24" passed="24" failed="0" skipped="0">
  <reporter-output>
  </reporter-output>
  <suite started-at="2024-03-23T13:36:26 IST" name="MoviesAppTest" finished-at="2024-03-23T13:41:02 IST" duration-ms="276263">
    <groups>
    </groups>
    <test started-at="2024-03-23T13:36:26 IST" name="MoviesAppTestSuites" finished-at="2024-03-23T13:41:02 IST" duration-ms="276263">
      <class name="SearchPageTest">
        <test-method is-config="true" signature="setup()[pri:0, instance:SearchPageTest@50b5ac82]" started-at="2024-03-23T13:36:26 IST" name="setup" finished-at="2024-03-23T13:37:31 IST" duration-ms="64719" status="PASS">
          <reporter-output>
          </reporter-output>
        </test-method> <!-- setup -->
        <test-method signature="SearchAvatarMovie()[pri:1, instance:SearchPageTest@50b5ac82]" started-at="2024-03-23T13:37:31 IST" name="SearchAvatarMovie" finished-at="2024-03-23T13:37:44 IST" duration-ms="12728" status="PASS">
          <reporter-output>
          </reporter-output>
        </test-method> <!-- SearchAvatarMovie -->
        <test-method is-config="true" signature="setdown()[pri:0, instance:SearchPageTest@50b5ac82]" started-at="2024-03-23T13:37:44 IST" name="setdown" finished-at="2024-03-23T13:37:45 IST" duration-ms="1129" status="PASS">
          <reporter-output>
          </reporter-output>
        </test-method> <!-- setdown -->
        <test-method is-config="true" signature="setup()[pri:0, instance:SearchPageTest@50b5ac82]" started-at="2024-03-23T13:37:45 IST" name="setup" finished-at="2024-03-23T13:38:10 IST" duration-ms="25592" status="PASS">
          <reporter-output>
          </reporter-output>
        </test-method> <!-- setup -->
        <test-method signature="SerachSquidGameMovie()[pri:2, instance:SearchPageTest@50b5ac82]" started-at="2024-03-23T13:38:10 IST" name="SerachSquidGameMovie" finished-at="2024-03-23T13:38:25 IST" duration-ms="14768" status="PASS">
          <reporter-output>
          </reporter-output>
        </test-method> <!-- SerachSquidGameMovie -->
        <test-method is-config="true" signature="setdown()[pri:0, instance:SearchPageTest@50b5ac82]" started-at="2024-03-23T13:38:25 IST" name="setdown" finished-at="2024-03-23T13:38:29 IST" duration-ms="4233" status="PASS">
          <reporter-output>
          </reporter-output>
        </test-method> <!-- setdown -->
      </class> <!-- SearchPageTest -->
      <class name="HeaderPageTest">
        <test-method is-config="true" signature="setUp()[pri:0, instance:HeaderPageTest@33990a0c]" started-at="2024-03-23T13:36:26 IST" name="setUp" finished-at="2024-03-23T13:37:29 IST" duration-ms="63060" status="PASS">
          <reporter-output>
          </reporter-output>
        </test-method> <!-- setUp -->
        <test-method signature="checkTheLogoElement()[pri:1, instance:HeaderPageTest@33990a0c]" started-at="2024-03-23T13:37:29 IST" name="checkTheLogoElement" finished-at="2024-03-23T13:37:38 IST" duration-ms="8420" status="PASS">
          <reporter-output>
          </reporter-output>
        </test-method> <!-- checkTheLogoElement -->
        <test-method is-config="true" signature="tearDown()[pri:0, instance:HeaderPageTest@33990a0c]" started-at="2024-03-23T13:37:38 IST" name="tearDown" finished-at="2024-03-23T13:37:45 IST" duration-ms="7664" status="PASS">
          <reporter-output>
          </reporter-output>
        </test-method> <!-- tearDown -->
        <test-method is-config="true" signature="setUp()[pri:0, instance:HeaderPageTest@33990a0c]" started-at="2024-03-23T13:37:45 IST" name="setUp" finished-at="2024-03-23T13:38:14 IST" duration-ms="29033" status="PASS">
          <reporter-output>
          </reporter-output>
        </test-method> <!-- setUp -->
        <test-method signature="checkTheNavBars()[pri:2, instance:HeaderPageTest@33990a0c]" started-at="2024-03-23T13:38:14 IST" name="checkTheNavBars" finished-at="2024-03-23T13:38:23 IST" duration-ms="8737" status="PASS">
          <reporter-output>
          </reporter-output>
        </test-method> <!-- checkTheNavBars -->
        <test-method is-config="true" signature="tearDown()[pri:0, instance:HeaderPageTest@33990a0c]" started-at="2024-03-23T13:38:23 IST" name="tearDown" finished-at="2024-03-23T13:38:33 IST" duration-ms="10310" status="PASS">
          <reporter-output>
          </reporter-output>
        </test-method> <!-- tearDown -->
        <test-method is-config="true" signature="setUp()[pri:0, instance:HeaderPageTest@33990a0c]" started-at="2024-03-23T13:38:33 IST" name="setUp" finished-at="2024-03-23T13:38:48 IST" duration-ms="14593" status="PASS">
          <reporter-output>
          </reporter-output>
        </test-method> <!-- setUp -->
        <test-method signature="checkTheNavigationFunctionalities()[pri:3, instance:HeaderPageTest@33990a0c]" started-at="2024-03-23T13:38:48 IST" name="checkTheNavigationFunctionalities" finished-at="2024-03-23T13:38:53 IST" duration-ms="5055" status="PASS">
          <reporter-output>
          </reporter-output>
        </test-method> <!-- checkTheNavigationFunctionalities -->
        <test-method is-config="true" signature="tearDown()[pri:0, instance:HeaderPageTest@33990a0c]" started-at="2024-03-23T13:38:53 IST" name="tearDown" finished-at="2024-03-23T13:38:55 IST" duration-ms="2170" status="PASS">
          <reporter-output>
          </reporter-output>
        </test-method> <!-- tearDown -->
      </class> <!-- HeaderPageTest -->
      <class name="MovieDetailsPageTest">
        <test-method is-config="true" signature="setup()[pri:0, instance:MovieDetailsPageTest@101952da]" started-at="2024-03-23T13:36:26 IST" name="setup" finished-at="2024-03-23T13:37:31 IST" duration-ms="64519" status="PASS">
          <reporter-output>
          </reporter-output>
        </test-method> <!-- setup -->
        <test-method signature="checkHomePageFuctionalities()[pri:1, instance:MovieDetailsPageTest@101952da]" started-at="2024-03-23T13:37:31 IST" name="checkHomePageFuctionalities" finished-at="2024-03-23T13:37:44 IST" duration-ms="13756" status="PASS">
          <reporter-output>
          </reporter-output>
        </test-method> <!-- checkHomePageFuctionalities -->
        <test-method is-config="true" signature="setdown()[pri:0, instance:MovieDetailsPageTest@101952da]" started-at="2024-03-23T13:37:44 IST" name="setdown" finished-at="2024-03-23T13:37:46 IST" duration-ms="1182" status="PASS">
          <reporter-output>
          </reporter-output>
        </test-method> <!-- setdown -->
        <test-method is-config="true" signature="setup()[pri:0, instance:MovieDetailsPageTest@101952da]" started-at="2024-03-23T13:37:46 IST" name="setup" finished-at="2024-03-23T13:38:10 IST" duration-ms="24551" status="PASS">
          <reporter-output>
          </reporter-output>
        </test-method> <!-- setup -->
        <test-method signature="checkPopularPageFuctionalities()[pri:2, instance:MovieDetailsPageTest@101952da]" started-at="2024-03-23T13:38:10 IST" name="checkPopularPageFuctionalities" finished-at="2024-03-23T13:38:24 IST" duration-ms="14170" status="PASS">
          <reporter-output>
          </reporter-output>
        </test-method> <!-- checkPopularPageFuctionalities -->
        <test-method is-config="true" signature="setdown()[pri:0, instance:MovieDetailsPageTest@101952da]" started-at="2024-03-23T13:38:24 IST" name="setdown" finished-at="2024-03-23T13:38:34 IST" duration-ms="9989" status="PASS">
          <reporter-output>
          </reporter-output>
        </test-method> <!-- setdown -->
      </class> <!-- MovieDetailsPageTest -->
      <class name="PopularPageTest">
        <test-method is-config="true" signature="setup()[pri:0, instance:PopularPageTest@4de4b452]" started-at="2024-03-23T13:36:26 IST" name="setup" finished-at="2024-03-23T13:37:33 IST" duration-ms="66809" status="PASS">
          <reporter-output>
          </reporter-output>
        </test-method> <!-- setup -->
        <test-method signature="checkPopularPageSection()[pri:1, instance:PopularPageTest@4de4b452]" started-at="2024-03-23T13:37:33 IST" name="checkPopularPageSection" finished-at="2024-03-23T13:37:42 IST" duration-ms="8971" status="PASS">
          <reporter-output>
          </reporter-output>
        </test-method> <!-- checkPopularPageSection -->
        <test-method is-config="true" signature="setdown()[pri:0, instance:PopularPageTest@4de4b452]" started-at="2024-03-23T13:37:42 IST" name="setdown" finished-at="2024-03-23T13:37:45 IST" duration-ms="3061" status="PASS">
          <reporter-output>
          </reporter-output>
        </test-method> <!-- setdown -->
        <test-method is-config="true" signature="setup()[pri:0, instance:PopularPageTest@4de4b452]" started-at="2024-03-23T13:37:45 IST" name="setup" finished-at="2024-03-23T13:38:14 IST" duration-ms="29060" status="PASS">
          <reporter-output>
          </reporter-output>
        </test-method> <!-- setup -->
        <test-method signature="checkMovieRedirection()[pri:2, instance:PopularPageTest@4de4b452]" started-at="2024-03-23T13:38:14 IST" name="checkMovieRedirection" finished-at="2024-03-23T13:38:26 IST" duration-ms="11939" status="PASS">
          <reporter-output>
          </reporter-output>
        </test-method> <!-- checkMovieRedirection -->
        <test-method is-config="true" signature="setdown()[pri:0, instance:PopularPageTest@4de4b452]" started-at="2024-03-23T13:38:26 IST" name="setdown" finished-at="2024-03-23T13:38:31 IST" duration-ms="5150" status="PASS">
          <reporter-output>
          </reporter-output>
        </test-method> <!-- setdown -->
      </class> <!-- PopularPageTest -->
      <class name="LoginPageTest">
        <test-method is-config="true" signature="setup()[pri:0, instance:LoginPageTest@49dc7102]" started-at="2024-03-23T13:36:26 IST" name="setup" finished-at="2024-03-23T13:37:30 IST" duration-ms="63461" status="PASS">
          <reporter-output>
          </reporter-output>
        </test-method> <!-- setup -->
        <test-method signature="checkTheLogo()[pri:1, instance:LoginPageTest@49dc7102]" started-at="2024-03-23T13:37:30 IST" name="checkTheLogo" finished-at="2024-03-23T13:37:30 IST" duration-ms="20" status="PASS">
          <reporter-output>
          </reporter-output>
        </test-method> <!-- checkTheLogo -->
        <test-method is-config="true" signature="setdown()[pri:0, instance:LoginPageTest@49dc7102]" started-at="2024-03-23T13:37:30 IST" name="setdown" finished-at="2024-03-23T13:37:44 IST" duration-ms="14571" status="PASS">
          <reporter-output>
          </reporter-output>
        </test-method> <!-- setdown -->
        <test-method is-config="true" signature="setup()[pri:0, instance:LoginPageTest@49dc7102]" started-at="2024-03-23T13:37:44 IST" name="setup" finished-at="2024-03-23T13:38:10 IST" duration-ms="25358" status="PASS">
          <reporter-output>
          </reporter-output>
        </test-method> <!-- setup -->
        <test-method signature="checkTheHeadingText()[pri:2, instance:LoginPageTest@49dc7102]" started-at="2024-03-23T13:38:10 IST" name="checkTheHeadingText" finished-at="2024-03-23T13:38:10 IST" duration-ms="42" status="PASS">
          <reporter-output>
          </reporter-output>
        </test-method> <!-- checkTheHeadingText -->
        <test-method is-config="true" signature="setdown()[pri:0, instance:LoginPageTest@49dc7102]" started-at="2024-03-23T13:38:10 IST" name="setdown" finished-at="2024-03-23T13:38:21 IST" duration-ms="11380" status="PASS">
          <reporter-output>
          </reporter-output>
        </test-method> <!-- setdown -->
        <test-method is-config="true" signature="setup()[pri:0, instance:LoginPageTest@49dc7102]" started-at="2024-03-23T13:38:21 IST" name="setup" finished-at="2024-03-23T13:38:44 IST" duration-ms="23069" status="PASS">
          <reporter-output>
          </reporter-output>
        </test-method> <!-- setup -->
        <test-method signature="checkTheLabelElementTexts()[pri:3, instance:LoginPageTest@49dc7102]" started-at="2024-03-23T13:38:44 IST" name="checkTheLabelElementTexts" finished-at="2024-03-23T13:38:44 IST" duration-ms="61" status="PASS">
          <reporter-output>
          </reporter-output>
        </test-method> <!-- checkTheLabelElementTexts -->
        <test-method is-config="true" signature="setdown()[pri:0, instance:LoginPageTest@49dc7102]" started-at="2024-03-23T13:38:44 IST" name="setdown" finished-at="2024-03-23T13:38:54 IST" duration-ms="9922" status="PASS">
          <reporter-output>
          </reporter-output>
        </test-method> <!-- setdown -->
        <test-method is-config="true" signature="setup()[pri:0, instance:LoginPageTest@49dc7102]" started-at="2024-03-23T13:38:54 IST" name="setup" finished-at="2024-03-23T13:39:11 IST" duration-ms="17362" status="PASS">
          <reporter-output>
          </reporter-output>
        </test-method> <!-- setup -->
        <test-method signature="checkLoginButton()[pri:4, instance:LoginPageTest@49dc7102]" started-at="2024-03-23T13:39:11 IST" name="checkLoginButton" finished-at="2024-03-23T13:39:12 IST" duration-ms="59" status="PASS">
          <reporter-output>
          </reporter-output>
        </test-method> <!-- checkLoginButton -->
        <test-method is-config="true" signature="setdown()[pri:0, instance:LoginPageTest@49dc7102]" started-at="2024-03-23T13:39:12 IST" name="setdown" finished-at="2024-03-23T13:39:14 IST" duration-ms="2780" status="PASS">
          <reporter-output>
          </reporter-output>
        </test-method> <!-- setdown -->
        <test-method is-config="true" signature="setup()[pri:0, instance:LoginPageTest@49dc7102]" started-at="2024-03-23T13:39:14 IST" name="setup" finished-at="2024-03-23T13:39:27 IST" duration-ms="12870" status="PASS">
          <reporter-output>
          </reporter-output>
        </test-method> <!-- setup -->
        <test-method signature="testLoginWithEmptyInputs()[pri:5, instance:LoginPageTest@49dc7102]" started-at="2024-03-23T13:39:27 IST" name="testLoginWithEmptyInputs" finished-at="2024-03-23T13:39:31 IST" duration-ms="3498" status="PASS">
          <reporter-output>
          </reporter-output>
        </test-method> <!-- testLoginWithEmptyInputs -->
        <test-method is-config="true" signature="setdown()[pri:0, instance:LoginPageTest@49dc7102]" started-at="2024-03-23T13:39:31 IST" name="setdown" finished-at="2024-03-23T13:39:32 IST" duration-ms="852" status="PASS">
          <reporter-output>
          </reporter-output>
        </test-method> <!-- setdown -->
        <test-method is-config="true" signature="setup()[pri:0, instance:LoginPageTest@49dc7102]" started-at="2024-03-23T13:39:32 IST" name="setup" finished-at="2024-03-23T13:39:50 IST" duration-ms="18222" status="PASS">
          <reporter-output>
          </reporter-output>
        </test-method> <!-- setup -->
        <test-method signature="testLoginWithEmptyUserName()[pri:6, instance:LoginPageTest@49dc7102]" started-at="2024-03-23T13:39:50 IST" name="testLoginWithEmptyUserName" finished-at="2024-03-23T13:39:51 IST" duration-ms="1308" status="PASS">
          <reporter-output>
          </reporter-output>
        </test-method> <!-- testLoginWithEmptyUserName -->
        <test-method is-config="true" signature="setdown()[pri:0, instance:LoginPageTest@49dc7102]" started-at="2024-03-23T13:39:51 IST" name="setdown" finished-at="2024-03-23T13:39:53 IST" duration-ms="1791" status="PASS">
          <reporter-output>
          </reporter-output>
        </test-method> <!-- setdown -->
        <test-method is-config="true" signature="setup()[pri:0, instance:LoginPageTest@49dc7102]" started-at="2024-03-23T13:39:53 IST" name="setup" finished-at="2024-03-23T13:40:06 IST" duration-ms="12879" status="PASS">
          <reporter-output>
          </reporter-output>
        </test-method> <!-- setup -->
        <test-method signature="testLoginWithEmptyPassword()[pri:7, instance:LoginPageTest@49dc7102]" started-at="2024-03-23T13:40:06 IST" name="testLoginWithEmptyPassword" finished-at="2024-03-23T13:40:09 IST" duration-ms="3390" status="PASS">
          <reporter-output>
          </reporter-output>
        </test-method> <!-- testLoginWithEmptyPassword -->
        <test-method is-config="true" signature="setdown()[pri:0, instance:LoginPageTest@49dc7102]" started-at="2024-03-23T13:40:09 IST" name="setdown" finished-at="2024-03-23T13:40:11 IST" duration-ms="1791" status="PASS">
          <reporter-output>
          </reporter-output>
        </test-method> <!-- setdown -->
        <test-method is-config="true" signature="setup()[pri:0, instance:LoginPageTest@49dc7102]" started-at="2024-03-23T13:40:11 IST" name="setup" finished-at="2024-03-23T13:40:23 IST" duration-ms="12201" status="PASS">
          <reporter-output>
          </reporter-output>
        </test-method> <!-- setup -->
        <test-method signature="testLoginWithInvalidPassword()[pri:8, instance:LoginPageTest@49dc7102]" started-at="2024-03-23T13:40:23 IST" name="testLoginWithInvalidPassword" finished-at="2024-03-23T13:40:24 IST" duration-ms="800" status="PASS">
          <reporter-output>
          </reporter-output>
        </test-method> <!-- testLoginWithInvalidPassword -->
        <test-method is-config="true" signature="setdown()[pri:0, instance:LoginPageTest@49dc7102]" started-at="2024-03-23T13:40:24 IST" name="setdown" finished-at="2024-03-23T13:40:24 IST" duration-ms="359" status="PASS">
          <reporter-output>
          </reporter-output>
        </test-method> <!-- setdown -->
        <test-method is-config="true" signature="setup()[pri:0, instance:LoginPageTest@49dc7102]" started-at="2024-03-23T13:40:24 IST" name="setup" finished-at="2024-03-23T13:40:38 IST" duration-ms="13479" status="PASS">
          <reporter-output>
          </reporter-output>
        </test-method> <!-- setup -->
        <test-method signature="testLoginWithInvalidUsername()[pri:9, instance:LoginPageTest@49dc7102]" started-at="2024-03-23T13:40:38 IST" name="testLoginWithInvalidUsername" finished-at="2024-03-23T13:40:41 IST" duration-ms="2924" status="PASS">
          <reporter-output>
          </reporter-output>
        </test-method> <!-- testLoginWithInvalidUsername -->
        <test-method is-config="true" signature="setdown()[pri:0, instance:LoginPageTest@49dc7102]" started-at="2024-03-23T13:40:41 IST" name="setdown" finished-at="2024-03-23T13:40:42 IST" duration-ms="871" status="PASS">
          <reporter-output>
          </reporter-output>
        </test-method> <!-- setdown -->
        <test-method is-config="true" signature="setup()[pri:0, instance:LoginPageTest@49dc7102]" started-at="2024-03-23T13:40:42 IST" name="setup" finished-at="2024-03-23T13:40:58 IST" duration-ms="16160" status="PASS">
          <reporter-output>
          </reporter-output>
        </test-method> <!-- setup -->
        <test-method signature="testLoginWithValidCredentials()[pri:10, instance:LoginPageTest@49dc7102]" started-at="2024-03-23T13:40:58 IST" name="testLoginWithValidCredentials" finished-at="2024-03-23T13:41:02 IST" duration-ms="3870" status="PASS">
          <reporter-output>
          </reporter-output>
        </test-method> <!-- testLoginWithValidCredentials -->
        <test-method is-config="true" signature="setdown()[pri:0, instance:LoginPageTest@49dc7102]" started-at="2024-03-23T13:41:02 IST" name="setdown" finished-at="2024-03-23T13:41:02 IST" duration-ms="689" status="PASS">
          <reporter-output>
          </reporter-output>
        </test-method> <!-- setdown -->
      </class> <!-- LoginPageTest -->
      <class name="AccountPageTest">
        <test-method is-config="true" signature="setup()[pri:0, instance:AccountPageTest@6babf3bf]" started-at="2024-03-23T13:36:26 IST" name="setup" finished-at="2024-03-23T13:37:19 IST" duration-ms="52991" status="PASS">
          <reporter-output>
          </reporter-output>
        </test-method> <!-- setup -->
        <test-method signature="checkAccountPage()[pri:1, instance:AccountPageTest@6babf3bf]" started-at="2024-03-23T13:37:19 IST" name="checkAccountPage" finished-at="2024-03-23T13:37:38 IST" duration-ms="19151" status="PASS">
          <reporter-output>
          </reporter-output>
        </test-method> <!-- checkAccountPage -->
        <test-method is-config="true" signature="setdown()[pri:0, instance:AccountPageTest@6babf3bf]" started-at="2024-03-23T13:37:38 IST" name="setdown" finished-at="2024-03-23T13:37:45 IST" duration-ms="6213" status="PASS">
          <reporter-output>
          </reporter-output>
        </test-method> <!-- setdown -->
      </class> <!-- AccountPageTest -->
      <class name="HomePageTest">
        <test-method is-config="true" signature="setup()[pri:0, instance:HomePageTest@15aab8c6]" started-at="2024-03-23T13:36:26 IST" name="setup" finished-at="2024-03-23T13:37:30 IST" duration-ms="63919" status="PASS">
          <reporter-output>
          </reporter-output>
        </test-method> <!-- setup -->
        <test-method signature="checkTheHeadingTexts()[pri:1, instance:HomePageTest@15aab8c6]" started-at="2024-03-23T13:37:30 IST" name="checkTheHeadingTexts" finished-at="2024-03-23T13:37:38 IST" duration-ms="7822" status="PASS">
          <reporter-output>
          </reporter-output>
        </test-method> <!-- checkTheHeadingTexts -->
        <test-method is-config="true" signature="setdown()[pri:0, instance:HomePageTest@15aab8c6]" started-at="2024-03-23T13:37:38 IST" name="setdown" finished-at="2024-03-23T13:37:45 IST" duration-ms="6596" status="PASS">
          <reporter-output>
          </reporter-output>
        </test-method> <!-- setdown -->
        <test-method is-config="true" signature="setup()[pri:0, instance:HomePageTest@15aab8c6]" started-at="2024-03-23T13:37:45 IST" name="setup" finished-at="2024-03-23T13:38:00 IST" duration-ms="15463" status="PASS">
          <reporter-output>
          </reporter-output>
        </test-method> <!-- setup -->
        <test-method signature="checkPlayBtn()[pri:2, instance:HomePageTest@15aab8c6]" started-at="2024-03-23T13:38:00 IST" name="checkPlayBtn" finished-at="2024-03-23T13:38:16 IST" duration-ms="16129" status="PASS">
          <reporter-output>
          </reporter-output>
        </test-method> <!-- checkPlayBtn -->
        <test-method is-config="true" signature="setdown()[pri:0, instance:HomePageTest@15aab8c6]" started-at="2024-03-23T13:38:16 IST" name="setdown" finished-at="2024-03-23T13:38:23 IST" duration-ms="6566" status="PASS">
          <reporter-output>
          </reporter-output>
        </test-method> <!-- setdown -->
        <test-method is-config="true" signature="setup()[pri:0, instance:HomePageTest@15aab8c6]" started-at="2024-03-23T13:38:23 IST" name="setup" finished-at="2024-03-23T13:38:44 IST" duration-ms="21327" status="PASS">
          <reporter-output>
          </reporter-output>
        </test-method> <!-- setup -->
        <test-method signature="checkMovieDisplaySections()[pri:3, instance:HomePageTest@15aab8c6]" started-at="2024-03-23T13:38:44 IST" name="checkMovieDisplaySections" finished-at="2024-03-23T13:38:51 IST" duration-ms="7343" status="PASS">
          <reporter-output>
          </reporter-output>
        </test-method> <!-- checkMovieDisplaySections -->
        <test-method is-config="true" signature="setdown()[pri:0, instance:HomePageTest@15aab8c6]" started-at="2024-03-23T13:38:51 IST" name="setdown" finished-at="2024-03-23T13:38:54 IST" duration-ms="3160" status="PASS">
          <reporter-output>
          </reporter-output>
        </test-method> <!-- setdown -->
        <test-method is-config="true" signature="setup()[pri:0, instance:HomePageTest@15aab8c6]" started-at="2024-03-23T13:38:54 IST" name="setup" finished-at="2024-03-23T13:39:03 IST" duration-ms="8223" status="PASS">
          <reporter-output>
          </reporter-output>
        </test-method> <!-- setup -->
        <test-method signature="checkContact()[pri:4, instance:HomePageTest@15aab8c6]" started-at="2024-03-23T13:39:03 IST" name="checkContact" finished-at="2024-03-23T13:39:12 IST" duration-ms="9775" status="PASS">
          <reporter-output>
          </reporter-output>
        </test-method> <!-- checkContact -->
        <test-method is-config="true" signature="setdown()[pri:0, instance:HomePageTest@15aab8c6]" started-at="2024-03-23T13:39:12 IST" name="setdown" finished-at="2024-03-23T13:39:14 IST" duration-ms="1779" status="PASS">
          <reporter-output>
          </reporter-output>
        </test-method> <!-- setdown -->
      </class> <!-- HomePageTest -->
    </test> <!-- MoviesAppTestSuites -->
  </suite> <!-- MoviesAppTest -->
</testng-results>
