<?xml version="1.0" encoding="UTF-8"?>
<testng-results ignored="0" total="27" passed="27" failed="0" skipped="0">
  <reporter-output>
  </reporter-output>
  <suite started-at="2023-12-08T10:32:44 IST" name="MoviesAppSuite" finished-at="2023-12-08T10:36:58 IST" duration-ms="254681">
    <groups>
    </groups>
    <test started-at="2023-12-08T10:32:44 IST" name="LoginPage Test" finished-at="2023-12-08T10:32:57 IST" duration-ms="13408">
      <class name="tests.LoginPageTest">
        <test-method is-config="true" signature="setUp()[pri:0, instance:tests.LoginPageTest@503d687a]" started-at="2023-12-08T10:32:44 IST" name="setUp" finished-at="2023-12-08T10:32:53 IST" duration-ms="9539" status="PASS">
          <reporter-output>
          </reporter-output>
        </test-method> <!-- setUp -->
        <test-method signature="testLogoImageDisplayed()[pri:1, instance:tests.LoginPageTest@503d687a]" started-at="2023-12-08T10:32:53 IST" name="testLogoImageDisplayed" finished-at="2023-12-08T10:32:53 IST" duration-ms="101" status="PASS">
          <reporter-output>
          </reporter-output>
        </test-method> <!-- testLogoImageDisplayed -->
        <test-method signature="testHeadingText()[pri:2, instance:tests.LoginPageTest@503d687a]" started-at="2023-12-08T10:32:53 IST" name="testHeadingText" finished-at="2023-12-08T10:32:53 IST" duration-ms="56" status="PASS">
          <reporter-output>
          </reporter-output>
        </test-method> <!-- testHeadingText -->
        <test-method signature="testUsernameLabelText()[pri:3, instance:tests.LoginPageTest@503d687a]" started-at="2023-12-08T10:32:53 IST" name="testUsernameLabelText" finished-at="2023-12-08T10:32:54 IST" duration-ms="43" status="PASS">
          <reporter-output>
          </reporter-output>
        </test-method> <!-- testUsernameLabelText -->
        <test-method signature="testPasswordLabelText()[pri:4, instance:tests.LoginPageTest@503d687a]" started-at="2023-12-08T10:32:54 IST" name="testPasswordLabelText" finished-at="2023-12-08T10:32:54 IST" duration-ms="45" status="PASS">
          <reporter-output>
          </reporter-output>
        </test-method> <!-- testPasswordLabelText -->
        <test-method signature="testLoginButtonDisplayed()[pri:5, instance:tests.LoginPageTest@503d687a]" started-at="2023-12-08T10:32:54 IST" name="testLoginButtonDisplayed" finished-at="2023-12-08T10:32:54 IST" duration-ms="54" status="PASS">
          <reporter-output>
          </reporter-output>
        </test-method> <!-- testLoginButtonDisplayed -->
        <test-method signature="testLoginWithEmptyFields()[pri:6, instance:tests.LoginPageTest@503d687a]" started-at="2023-12-08T10:32:54 IST" name="testLoginWithEmptyFields" finished-at="2023-12-08T10:32:56 IST" duration-ms="2110" status="PASS">
          <reporter-output>
          </reporter-output>
        </test-method> <!-- testLoginWithEmptyFields -->
        <test-method signature="testLoginWithEmptyUsername()[pri:7, instance:tests.LoginPageTest@503d687a]" started-at="2023-12-08T10:32:56 IST" name="testLoginWithEmptyUsername" finished-at="2023-12-08T10:32:56 IST" duration-ms="381" status="PASS">
          <reporter-output>
          </reporter-output>
        </test-method> <!-- testLoginWithEmptyUsername -->
        <test-method signature="testLoginWithEmptyPassword()[pri:8, instance:tests.LoginPageTest@503d687a]" started-at="2023-12-08T10:32:56 IST" name="testLoginWithEmptyPassword" finished-at="2023-12-08T10:32:56 IST" duration-ms="293" status="PASS">
          <reporter-output>
          </reporter-output>
        </test-method> <!-- testLoginWithEmptyPassword -->
        <test-method signature="testLoginWithInvalidCredentials()[pri:9, instance:tests.LoginPageTest@503d687a]" started-at="2023-12-08T10:32:56 IST" name="testLoginWithInvalidCredentials" finished-at="2023-12-08T10:32:57 IST" duration-ms="359" status="PASS">
          <reporter-output>
          </reporter-output>
        </test-method> <!-- testLoginWithInvalidCredentials -->
        <test-method signature="testLoginWithValidCredentials()[pri:10, instance:tests.LoginPageTest@503d687a]" started-at="2023-12-08T10:32:57 IST" name="testLoginWithValidCredentials" finished-at="2023-12-08T10:32:57 IST" duration-ms="323" status="PASS">
          <reporter-output>
          </reporter-output>
        </test-method> <!-- testLoginWithValidCredentials -->
        <test-method is-config="true" signature="tearDown()[pri:0, instance:tests.LoginPageTest@503d687a]" started-at="2023-12-08T10:32:57 IST" name="tearDown" finished-at="2023-12-08T10:32:57 IST" duration-ms="0" status="PASS">
          <reporter-output>
          </reporter-output>
        </test-method> <!-- tearDown -->
      </class> <!-- tests.LoginPageTest -->
    </test> <!-- LoginPage Test -->
    <test started-at="2023-12-08T10:32:57 IST" name="HomePage Test" finished-at="2023-12-08T10:33:11 IST" duration-ms="13363">
      <class name="tests.HomePageTest">
        <test-method is-config="true" signature="setUp()[pri:0, instance:tests.HomePageTest@649bec2e]" started-at="2023-12-08T10:32:57 IST" name="setUp" finished-at="2023-12-08T10:33:05 IST" duration-ms="8115" status="PASS">
          <reporter-output>
          </reporter-output>
        </test-method> <!-- setUp -->
        <test-method signature="testLoginWithValidCredentials()[pri:1, instance:tests.HomePageTest@649bec2e]" started-at="2023-12-08T10:33:05 IST" name="testLoginWithValidCredentials" finished-at="2023-12-08T10:33:09 IST" duration-ms="3836" status="PASS">
          <reporter-output>
          </reporter-output>
        </test-method> <!-- testLoginWithValidCredentials -->
        <test-method signature="testHomePage()[pri:2, instance:tests.HomePageTest@649bec2e]" started-at="2023-12-08T10:33:09 IST" name="testHomePage" finished-at="2023-12-08T10:33:11 IST" duration-ms="1402" status="PASS">
          <reporter-output>
          </reporter-output>
        </test-method> <!-- testHomePage -->
        <test-method is-config="true" signature="tearDown()[pri:0, instance:tests.HomePageTest@649bec2e]" started-at="2023-12-08T10:33:11 IST" name="tearDown" finished-at="2023-12-08T10:33:11 IST" duration-ms="0" status="PASS">
          <reporter-output>
          </reporter-output>
        </test-method> <!-- tearDown -->
      </class> <!-- tests.HomePageTest -->
    </test> <!-- HomePage Test -->
    <test started-at="2023-12-08T10:33:11 IST" name="HeaderSection Test" finished-at="2023-12-08T10:33:55 IST" duration-ms="44514">
      <class name="tests.HeaderSectionPageTest">
        <test-method is-config="true" signature="setUp()[pri:0, instance:tests.HeaderSectionPageTest@1a4013]" started-at="2023-12-08T10:33:11 IST" name="setUp" finished-at="2023-12-08T10:33:21 IST" duration-ms="10308" status="PASS">
          <reporter-output>
          </reporter-output>
        </test-method> <!-- setUp -->
        <test-method is-config="true" signature="setUp1()[pri:0, instance:tests.HeaderSectionPageTest@1a4013]" started-at="2023-12-08T10:33:21 IST" name="setUp1" finished-at="2023-12-08T10:33:34 IST" duration-ms="13063" status="PASS">
          <reporter-output>
          </reporter-output>
        </test-method> <!-- setUp1 -->
        <test-method signature="testLoginWithValidCredentials()[pri:1, instance:tests.HeaderSectionPageTest@1a4013]" started-at="2023-12-08T10:33:34 IST" name="testLoginWithValidCredentials" finished-at="2023-12-08T10:33:35 IST" duration-ms="667" status="PASS">
          <reporter-output>
          </reporter-output>
        </test-method> <!-- testLoginWithValidCredentials -->
        <test-method signature="testHeaderSectionUI()[pri:2, instance:tests.HeaderSectionPageTest@1a4013]" started-at="2023-12-08T10:33:35 IST" name="testHeaderSectionUI" finished-at="2023-12-08T10:33:55 IST" duration-ms="20139" status="PASS">
          <reporter-output>
          </reporter-output>
        </test-method> <!-- testHeaderSectionUI -->
        <test-method signature="testHeaderSectionFunctionalities()[pri:3, instance:tests.HeaderSectionPageTest@1a4013]" started-at="2023-12-08T10:33:55 IST" name="testHeaderSectionFunctionalities" finished-at="2023-12-08T10:33:55 IST" duration-ms="1" status="PASS">
          <reporter-output>
          </reporter-output>
        </test-method> <!-- testHeaderSectionFunctionalities -->
        <test-method is-config="true" signature="tearDown()[pri:0, instance:tests.HeaderSectionPageTest@1a4013]" started-at="2023-12-08T10:33:55 IST" name="tearDown" finished-at="2023-12-08T10:33:55 IST" duration-ms="329" status="PASS">
          <reporter-output>
          </reporter-output>
        </test-method> <!-- tearDown -->
      </class> <!-- tests.HeaderSectionPageTest -->
    </test> <!-- HeaderSection Test -->
    <test started-at="2023-12-08T10:33:55 IST" name="PopularPage Test" finished-at="2023-12-08T10:34:42 IST" duration-ms="46236">
      <class name="tests.PopularPageTest">
        <test-method is-config="true" signature="setUp()[pri:0, instance:tests.PopularPageTest@10163d6]" started-at="2023-12-08T10:33:55 IST" name="setUp" finished-at="2023-12-08T10:34:10 IST" duration-ms="14665" status="PASS">
          <reporter-output>
          </reporter-output>
        </test-method> <!-- setUp -->
        <test-method is-config="true" signature="setUp1()[pri:0, instance:tests.PopularPageTest@10163d6]" started-at="2023-12-08T10:34:10 IST" name="setUp1" finished-at="2023-12-08T10:34:31 IST" duration-ms="20767" status="PASS">
          <reporter-output>
          </reporter-output>
        </test-method> <!-- setUp1 -->
        <test-method signature="testLoginWithValidCredentials()[pri:1, instance:tests.PopularPageTest@10163d6]" started-at="2023-12-08T10:34:31 IST" name="testLoginWithValidCredentials" finished-at="2023-12-08T10:34:31 IST" duration-ms="440" status="PASS">
          <reporter-output>
          </reporter-output>
        </test-method> <!-- testLoginWithValidCredentials -->
        <test-method signature="testPopularPageUI()[pri:2, instance:tests.PopularPageTest@10163d6]" started-at="2023-12-08T10:34:31 IST" name="testPopularPageUI" finished-at="2023-12-08T10:34:42 IST" duration-ms="10351" status="PASS">
          <reporter-output>
          </reporter-output>
        </test-method> <!-- testPopularPageUI -->
        <test-method signature="testMoviesAreDisplayed()[pri:3, instance:tests.PopularPageTest@10163d6]" started-at="2023-12-08T10:34:42 IST" name="testMoviesAreDisplayed" finished-at="2023-12-08T10:34:42 IST" duration-ms="2" status="PASS">
          <reporter-output>
          </reporter-output>
        </test-method> <!-- testMoviesAreDisplayed -->
        <test-method is-config="true" signature="tearDown()[pri:0, instance:tests.PopularPageTest@10163d6]" started-at="2023-12-08T10:34:42 IST" name="tearDown" finished-at="2023-12-08T10:34:42 IST" duration-ms="1" status="PASS">
          <reporter-output>
          </reporter-output>
        </test-method> <!-- tearDown -->
      </class> <!-- tests.PopularPageTest -->
    </test> <!-- PopularPage Test -->
    <test started-at="2023-12-08T10:34:42 IST" name="SearchPage Test" finished-at="2023-12-08T10:35:30 IST" duration-ms="48383">
      <class name="tests.SearchPageTest">
        <test-method is-config="true" signature="setUp()[pri:0, instance:tests.SearchPageTest@6a84a97d]" started-at="2023-12-08T10:34:42 IST" name="setUp" finished-at="2023-12-08T10:35:00 IST" duration-ms="18343" status="PASS">
          <reporter-output>
          </reporter-output>
        </test-method> <!-- setUp -->
        <test-method is-config="true" signature="setUp1()[pri:0, instance:tests.SearchPageTest@6a84a97d]" started-at="2023-12-08T10:35:00 IST" name="setUp1" finished-at="2023-12-08T10:35:25 IST" duration-ms="25512" status="PASS">
          <reporter-output>
          </reporter-output>
        </test-method> <!-- setUp1 -->
        <test-method signature="testLoginWithValidCredentials()[pri:1, instance:tests.SearchPageTest@6a84a97d]" started-at="2023-12-08T10:35:25 IST" name="testLoginWithValidCredentials" finished-at="2023-12-08T10:35:26 IST" duration-ms="440" status="PASS">
          <reporter-output>
          </reporter-output>
        </test-method> <!-- testLoginWithValidCredentials -->
        <test-method signature="testSearchFunctionality()[pri:1, instance:tests.SearchPageTest@6a84a97d]" started-at="2023-12-08T10:35:26 IST" name="testSearchFunctionality" finished-at="2023-12-08T10:35:30 IST" duration-ms="4086" status="PASS">
          <reporter-output>
          </reporter-output>
        </test-method> <!-- testSearchFunctionality -->
        <test-method is-config="true" signature="tearDown()[pri:0, instance:tests.SearchPageTest@6a84a97d]" started-at="2023-12-08T10:35:30 IST" name="tearDown" finished-at="2023-12-08T10:35:30 IST" duration-ms="0" status="PASS">
          <reporter-output>
          </reporter-output>
        </test-method> <!-- tearDown -->
      </class> <!-- tests.SearchPageTest -->
    </test> <!-- SearchPage Test -->
    <test started-at="2023-12-08T10:35:30 IST" name="MovieDetailsPage Test" finished-at="2023-12-08T10:36:03 IST" duration-ms="32879">
      <class name="tests.MovieDetailsPageTest">
        <test-method is-config="true" signature="setUp()[pri:0, instance:tests.MovieDetailsPageTest@20f5239f]" started-at="2023-12-08T10:35:30 IST" name="setUp" finished-at="2023-12-08T10:35:47 IST" duration-ms="16652" status="PASS">
          <reporter-output>
          </reporter-output>
        </test-method> <!-- setUp -->
        <test-method signature="testLoginWithValidCredentials()[pri:1, instance:tests.MovieDetailsPageTest@20f5239f]" started-at="2023-12-08T10:35:47 IST" name="testLoginWithValidCredentials" finished-at="2023-12-08T10:35:55 IST" duration-ms="8824" status="PASS">
          <reporter-output>
          </reporter-output>
        </test-method> <!-- testLoginWithValidCredentials -->
        <test-method signature="testMovieDetailsInHomePage()[pri:2, instance:tests.MovieDetailsPageTest@20f5239f]" started-at="2023-12-08T10:35:55 IST" name="testMovieDetailsInHomePage" finished-at="2023-12-08T10:35:58 IST" duration-ms="2780" status="PASS">
          <reporter-output>
          </reporter-output>
        </test-method> <!-- testMovieDetailsInHomePage -->
        <test-method signature="testMovieDetailsInPopularPage()[pri:3, instance:tests.MovieDetailsPageTest@20f5239f]" started-at="2023-12-08T10:35:58 IST" name="testMovieDetailsInPopularPage" finished-at="2023-12-08T10:36:02 IST" duration-ms="4126" status="PASS">
          <reporter-output>
          </reporter-output>
        </test-method> <!-- testMovieDetailsInPopularPage -->
        <test-method is-config="true" signature="tearDown()[pri:0, instance:tests.MovieDetailsPageTest@20f5239f]" started-at="2023-12-08T10:36:02 IST" name="tearDown" finished-at="2023-12-08T10:36:03 IST" duration-ms="493" status="PASS">
          <reporter-output>
          </reporter-output>
        </test-method> <!-- tearDown -->
      </class> <!-- tests.MovieDetailsPageTest -->
    </test> <!-- MovieDetailsPage Test -->
    <test started-at="2023-12-08T10:36:03 IST" name="AccountPage Test" finished-at="2023-12-08T10:36:58 IST" duration-ms="55578">
      <class name="tests.AccountPageTest">
        <test-method is-config="true" signature="setUp()[pri:0, instance:tests.AccountPageTest@212b5695]" started-at="2023-12-08T10:36:03 IST" name="setUp" finished-at="2023-12-08T10:36:15 IST" duration-ms="12522" status="PASS">
          <reporter-output>
          </reporter-output>
        </test-method> <!-- setUp -->
        <test-method is-config="true" signature="setUp2()[pri:0, instance:tests.AccountPageTest@212b5695]" started-at="2023-12-08T10:36:15 IST" name="setUp2" finished-at="2023-12-08T10:36:34 IST" duration-ms="19001" status="PASS">
          <reporter-output>
          </reporter-output>
        </test-method> <!-- setUp2 -->
        <test-method signature="testLoginWithValidCredentials()[pri:1, instance:tests.AccountPageTest@212b5695]" started-at="2023-12-08T10:36:34 IST" name="testLoginWithValidCredentials" finished-at="2023-12-08T10:36:35 IST" duration-ms="406" status="PASS">
          <reporter-output>
          </reporter-output>
        </test-method> <!-- testLoginWithValidCredentials -->
        <test-method signature="testClickProfileImage()[pri:2, instance:tests.AccountPageTest@212b5695]" started-at="2023-12-08T10:36:35 IST" name="testClickProfileImage" finished-at="2023-12-08T10:36:37 IST" duration-ms="2298" status="PASS">
          <reporter-output>
          </reporter-output>
        </test-method> <!-- testClickProfileImage -->
        <test-method signature="testAccountPageUI()[pri:3, instance:tests.AccountPageTest@212b5695]" started-at="2023-12-08T10:36:37 IST" name="testAccountPageUI" finished-at="2023-12-08T10:36:58 IST" duration-ms="20791" status="PASS">
          <reporter-output>
          </reporter-output>
        </test-method> <!-- testAccountPageUI -->
        <test-method signature="testLogoutFunctionality()[pri:4, instance:tests.AccountPageTest@212b5695]" started-at="2023-12-08T10:36:58 IST" name="testLogoutFunctionality" finished-at="2023-12-08T10:36:58 IST" duration-ms="146" status="PASS">
          <reporter-output>
          </reporter-output>
        </test-method> <!-- testLogoutFunctionality -->
        <test-method is-config="true" signature="tearDown()[pri:0, instance:tests.AccountPageTest@212b5695]" started-at="2023-12-08T10:36:58 IST" name="tearDown" finished-at="2023-12-08T10:36:58 IST" duration-ms="406" status="PASS">
          <reporter-output>
          </reporter-output>
        </test-method> <!-- tearDown -->
      </class> <!-- tests.AccountPageTest -->
    </test> <!-- AccountPage Test -->
  </suite> <!-- MoviesAppSuite -->
</testng-results>
